<?xml version="1.0" encoding="utf-8"?>
<?AutomationStudio Version="4.5.2.102"?>
<Objects>
  <Object
    Path="C:\Users\admin\Desktop\3lab_Morozov9.12.2019A_usable\Logical\Package.pkg"
    LogicalPath=""
    Type="Package.ParentUnknown"
    LastWriteTime="132199440740000000" />
  <Object
    Path="C:\Users\admin\Desktop\3lab_Morozov9.12.2019A_usable\Logical\Global.typ"
    LogicalPath="Global.typ"
    Type="File"
    LastWriteTime="131200402240000000"
    Private="false" />
  <Object
    Path="C:\Users\admin\Desktop\3lab_Morozov9.12.2019A_usable\Logical\Global.var"
    LogicalPath="Global.var"
    Type="File"
    LastWriteTime="132199474000000000"
    Private="false" />
  <Object
    Path="C:\Users\admin\Desktop\3lab_Morozov9.12.2019A_usable\Logical\Libraries\Package.pkg"
    LogicalPath="Libraries"
    Type="Package"
    LastWriteTime="132199440740000000" />
  <Object
    Path="C:\Users\admin\Desktop\3lab_Morozov9.12.2019A_usable\Logical\Libraries\Runtime\Binary.lby"
    LogicalPath="Libraries.Runtime"
    Type="Library"
    LastWriteTime="131091583340000000" />
  <Object
    Path="C:\Users\admin\Desktop\3lab_Morozov9.12.2019A_usable\Logical\Libraries\Runtime\runtime.fun"
    LogicalPath="Libraries.Runtime.runtime.fun"
    Type="File"
    LastWriteTime="131091583340000000"
    Private="false" />
  <Object
    Path="C:\Users\admin\Desktop\3lab_Morozov9.12.2019A_usable\Logical\Libraries\Runtime\runtime.typ"
    LogicalPath="Libraries.Runtime.runtime.typ"
    Type="File"
    LastWriteTime="131091583340000000"
    Private="false" />
  <Object
    Path="C:\Users\admin\Desktop\3lab_Morozov9.12.2019A_usable\Logical\Libraries\Runtime\runtime.var"
    LogicalPath="Libraries.Runtime.runtime.var"
    Type="File"
    LastWriteTime="131091583340000000"
    Private="false" />
  <Object
    Path="C:\Users\admin\Desktop\3lab_Morozov9.12.2019A_usable\Logical\Libraries\Operator\Binary.lby"
    LogicalPath="Libraries.Operator"
    Type="Library"
    LastWriteTime="131091583340000000" />
  <Object
    Path="C:\Users\admin\Desktop\3lab_Morozov9.12.2019A_usable\Logical\Libraries\Operator\operator.fun"
    LogicalPath="Libraries.Operator.operator.fun"
    Type="File"
    LastWriteTime="131091583340000000"
    Private="false" />
  <Object
    Path="C:\Users\admin\Desktop\3lab_Morozov9.12.2019A_usable\Logical\Libraries\Operator\operator.typ"
    LogicalPath="Libraries.Operator.operator.typ"
    Type="File"
    LastWriteTime="131091583340000000"
    Private="false" />
  <Object
    Path="C:\Users\admin\Desktop\3lab_Morozov9.12.2019A_usable\Logical\Libraries\Operator\operator.var"
    LogicalPath="Libraries.Operator.operator.var"
    Type="File"
    LastWriteTime="131091583340000000"
    Private="false" />
  <Object
    Path="C:\Users\admin\Desktop\3lab_Morozov9.12.2019A_usable\Logical\Libraries\AsIecCon\Binary.lby"
    LogicalPath="Libraries.AsIecCon"
    Type="Library"
    LastWriteTime="131091583340000000" />
  <Object
    Path="C:\Users\admin\Desktop\3lab_Morozov9.12.2019A_usable\Logical\Libraries\AsIecCon\AsIecCon.fun"
    LogicalPath="Libraries.AsIecCon.AsIecCon.fun"
    Type="File"
    LastWriteTime="131091583340000000"
    Private="false" />
  <Object
    Path="C:\Users\admin\Desktop\3lab_Morozov9.12.2019A_usable\Logical\Libraries\AsIecCon\AsIecCon.typ"
    LogicalPath="Libraries.AsIecCon.AsIecCon.typ"
    Type="File"
    LastWriteTime="131091583340000000"
    Private="false" />
  <Object
    Path="C:\Users\admin\Desktop\3lab_Morozov9.12.2019A_usable\Logical\Libraries\AsIecCon\AsIecCon.var"
    LogicalPath="Libraries.AsIecCon.AsIecCon.var"
    Type="File"
    LastWriteTime="131091583340000000"
    Private="false" />
  <Object
    Path="C:\Users\admin\Desktop\3lab_Morozov9.12.2019A_usable\Logical\Libraries\astime\Binary.lby"
    LogicalPath="Libraries.astime"
    Type="Library"
    LastWriteTime="131091583340000000" />
  <Object
    Path="C:\Users\admin\Desktop\3lab_Morozov9.12.2019A_usable\Logical\Libraries\astime\astime.fun"
    LogicalPath="Libraries.astime.astime.fun"
    Type="File"
    LastWriteTime="131091583340000000"
    Private="false" />
  <Object
    Path="C:\Users\admin\Desktop\3lab_Morozov9.12.2019A_usable\Logical\Libraries\astime\astime.typ"
    LogicalPath="Libraries.astime.astime.typ"
    Type="File"
    LastWriteTime="131091583340000000"
    Private="false" />
  <Object
    Path="C:\Users\admin\Desktop\3lab_Morozov9.12.2019A_usable\Logical\Libraries\astime\astime.var"
    LogicalPath="Libraries.astime.astime.var"
    Type="File"
    LastWriteTime="131091583340000000"
    Private="false" />
  <Object
    Path="C:\Users\admin\Desktop\3lab_Morozov9.12.2019A_usable\Logical\Libraries\sys_lib\Binary.lby"
    LogicalPath="Libraries.sys_lib"
    Type="Library"
    LastWriteTime="131194348100000000" />
  <Object
    Path="C:\Users\admin\Desktop\3lab_Morozov9.12.2019A_usable\Logical\Libraries\sys_lib\sys_lib.fun"
    LogicalPath="Libraries.sys_lib.sys_lib.fun"
    Type="File"
    LastWriteTime="131194348100000000"
    Private="false" />
  <Object
    Path="C:\Users\admin\Desktop\3lab_Morozov9.12.2019A_usable\Logical\Libraries\sys_lib\sys_lib.typ"
    LogicalPath="Libraries.sys_lib.sys_lib.typ"
    Type="File"
    LastWriteTime="131194348100000000"
    Private="false" />
  <Object
    Path="C:\Users\admin\Desktop\3lab_Morozov9.12.2019A_usable\Logical\Libraries\sys_lib\sys_lib.var"
    LogicalPath="Libraries.sys_lib.sys_lib.var"
    Type="File"
    LastWriteTime="131194348100000000"
    Private="false" />
  <Object
    Path="C:\Users\admin\Desktop\3lab_Morozov9.12.2019A_usable\Logical\Libraries\asstring\Binary.lby"
    LogicalPath="Libraries.asstring"
    Type="Library"
    LastWriteTime="131194348160000000" />
  <Object
    Path="C:\Users\admin\Desktop\3lab_Morozov9.12.2019A_usable\Logical\Libraries\asstring\asstring.fun"
    LogicalPath="Libraries.asstring.asstring.fun"
    Type="File"
    LastWriteTime="131194348160000000"
    Private="false" />
  <Object
    Path="C:\Users\admin\Desktop\3lab_Morozov9.12.2019A_usable\Logical\Libraries\asstring\asstring.typ"
    LogicalPath="Libraries.asstring.asstring.typ"
    Type="File"
    LastWriteTime="131194348160000000"
    Private="false" />
  <Object
    Path="C:\Users\admin\Desktop\3lab_Morozov9.12.2019A_usable\Logical\Libraries\asstring\asstring.var"
    LogicalPath="Libraries.asstring.asstring.var"
    Type="File"
    LastWriteTime="131194348160000000"
    Private="false" />
  <Object
    Path="C:\Users\admin\Desktop\3lab_Morozov9.12.2019A_usable\Logical\Libraries\Acp10man\Binary.lby"
    LogicalPath="Libraries.Acp10man"
    Type="Library"
    LastWriteTime="132180380800000000" />
  <Object
    Path="C:\Users\admin\Desktop\3lab_Morozov9.12.2019A_usable\Logical\Libraries\Acp10man\Acp10man.typ"
    LogicalPath="Libraries.Acp10man.Acp10man.typ"
    Type="File"
    LastWriteTime="132180380800000000"
    Private="false" />
  <Object
    Path="C:\Users\admin\Desktop\3lab_Morozov9.12.2019A_usable\Logical\Libraries\Acp10par\Binary.lby"
    LogicalPath="Libraries.Acp10par"
    Type="Library"
    LastWriteTime="132180380800000000" />
  <Object
    Path="C:\Users\admin\Desktop\3lab_Morozov9.12.2019A_usable\Logical\Libraries\Acp10par\Acp10par.var"
    LogicalPath="Libraries.Acp10par.Acp10par.var"
    Type="File"
    LastWriteTime="132180380800000000"
    Private="false" />
  <Object
    Path="C:\Users\admin\Desktop\3lab_Morozov9.12.2019A_usable\Logical\Libraries\NcGlobal\Binary.lby"
    LogicalPath="Libraries.NcGlobal"
    Type="Library"
    LastWriteTime="132180380800000000" />
  <Object
    Path="C:\Users\admin\Desktop\3lab_Morozov9.12.2019A_usable\Logical\Libraries\NcGlobal\NcGlobal.fun"
    LogicalPath="Libraries.NcGlobal.NcGlobal.fun"
    Type="File"
    LastWriteTime="132180380800000000"
    Private="false" />
  <Object
    Path="C:\Users\admin\Desktop\3lab_Morozov9.12.2019A_usable\Logical\Libraries\NcGlobal\NcGlobal.typ"
    LogicalPath="Libraries.NcGlobal.NcGlobal.typ"
    Type="File"
    LastWriteTime="132180380800000000"
    Private="false" />
  <Object
    Path="C:\Users\admin\Desktop\3lab_Morozov9.12.2019A_usable\Logical\Libraries\NcGlobal\NcGlobal.var"
    LogicalPath="Libraries.NcGlobal.NcGlobal.var"
    Type="File"
    LastWriteTime="132180380800000000"
    Private="false" />
  <Object
    Path="C:\Users\admin\Desktop\3lab_Morozov9.12.2019A_usable\Logical\Libraries\Acp10sdc\binary.lby"
    LogicalPath="Libraries.Acp10sdc"
    Type="Library"
    LastWriteTime="132180380880000000" />
  <Object
    Path="C:\Users\admin\Desktop\3lab_Morozov9.12.2019A_usable\Logical\Libraries\Acp10sdc\acp10sdc.var"
    LogicalPath="Libraries.Acp10sdc.acp10sdc.var"
    Type="File"
    LastWriteTime="132180380880000000"
    Private="false" />
  <Object
    Path="C:\Users\admin\Desktop\3lab_Morozov9.12.2019A_usable\Logical\Libraries\Acp10sdc\acp10sdc.typ"
    LogicalPath="Libraries.Acp10sdc.acp10sdc.typ"
    Type="File"
    LastWriteTime="132180380880000000"
    Private="false" />
  <Object
    Path="C:\Users\admin\Desktop\3lab_Morozov9.12.2019A_usable\Logical\Libraries\Acp10_MC\binary.lby"
    LogicalPath="Libraries.Acp10_MC"
    Type="Library"
    LastWriteTime="132180380900000000" />
  <Object
    Path="C:\Users\admin\Desktop\3lab_Morozov9.12.2019A_usable\Logical\Libraries\Acp10_MC\acp10_mc.fun"
    LogicalPath="Libraries.Acp10_MC.acp10_mc.fun"
    Type="File"
    LastWriteTime="132180380900000000"
    Private="false" />
  <Object
    Path="C:\Users\admin\Desktop\3lab_Morozov9.12.2019A_usable\Logical\Libraries\Acp10_MC\acp10_mc.typ"
    LogicalPath="Libraries.Acp10_MC.acp10_mc.typ"
    Type="File"
    LastWriteTime="132180380900000000"
    Private="false" />
  <Object
    Path="C:\Users\admin\Desktop\3lab_Morozov9.12.2019A_usable\Logical\Libraries\Acp10_MC\acp10_mc.var"
    LogicalPath="Libraries.Acp10_MC.acp10_mc.var"
    Type="File"
    LastWriteTime="132180380900000000"
    Private="false" />
  <Object
    Path="C:\Users\admin\Desktop\3lab_Morozov9.12.2019A_usable\Logical\Libraries\brsystem\binary.lby"
    LogicalPath="Libraries.brsystem"
    Type="Library"
    LastWriteTime="132180380900000000" />
  <Object
    Path="C:\Users\admin\Desktop\3lab_Morozov9.12.2019A_usable\Logical\Libraries\brsystem\brsystem.fun"
    LogicalPath="Libraries.brsystem.brsystem.fun"
    Type="File"
    LastWriteTime="132180380900000000"
    Private="false" />
  <Object
    Path="C:\Users\admin\Desktop\3lab_Morozov9.12.2019A_usable\Logical\Libraries\brsystem\brsystem.typ"
    LogicalPath="Libraries.brsystem.brsystem.typ"
    Type="File"
    LastWriteTime="132180380900000000"
    Private="false" />
  <Object
    Path="C:\Users\admin\Desktop\3lab_Morozov9.12.2019A_usable\Logical\Libraries\brsystem\brsystem.var"
    LogicalPath="Libraries.brsystem.brsystem.var"
    Type="File"
    LastWriteTime="132180380900000000"
    Private="false" />
  <Object
    Path="C:\Users\admin\Desktop\3lab_Morozov9.12.2019A_usable\Logical\Libraries\AsBrStr\binary.lby"
    LogicalPath="Libraries.AsBrStr"
    Type="Library"
    LastWriteTime="132180380900000000" />
  <Object
    Path="C:\Users\admin\Desktop\3lab_Morozov9.12.2019A_usable\Logical\Libraries\AsBrStr\AsBrStr.fun"
    LogicalPath="Libraries.AsBrStr.AsBrStr.fun"
    Type="File"
    LastWriteTime="132180380900000000"
    Private="false" />
  <Object
    Path="C:\Users\admin\Desktop\3lab_Morozov9.12.2019A_usable\Logical\Libraries\AsBrStr\AsBrStr.typ"
    LogicalPath="Libraries.AsBrStr.AsBrStr.typ"
    Type="File"
    LastWriteTime="132180380900000000"
    Private="false" />
  <Object
    Path="C:\Users\admin\Desktop\3lab_Morozov9.12.2019A_usable\Logical\Libraries\AsBrStr\AsBrStr.var"
    LogicalPath="Libraries.AsBrStr.AsBrStr.var"
    Type="File"
    LastWriteTime="132180380900000000"
    Private="false" />
  <Object
    Path="C:\Users\admin\Desktop\3lab_Morozov9.12.2019A_usable\Logical\Libraries\Acp10sim\binary.lby"
    LogicalPath="Libraries.Acp10sim"
    Type="Library"
    LastWriteTime="132185531840000000" />
  <Object
    Path="C:\Users\admin\Desktop\3lab_Morozov9.12.2019A_usable\Logical\Libraries\Acp10sim\acp10sim.var"
    LogicalPath="Libraries.Acp10sim.acp10sim.var"
    Type="File"
    LastWriteTime="132185531840000000"
    Private="false" />
  <Object
    Path="C:\Users\admin\Desktop\3lab_Morozov9.12.2019A_usable\Logical\Libraries\Acp10sim\acp10sim.typ"
    LogicalPath="Libraries.Acp10sim.acp10sim.typ"
    Type="File"
    LastWriteTime="132185531840000000"
    Private="false" />
  <Object
    Path="C:\Users\admin\Desktop\3lab_Morozov9.12.2019A_usable\Logical\Libraries\AsIOTime\binary.lby"
    LogicalPath="Libraries.AsIOTime"
    Type="Library"
    LastWriteTime="132193386580000000" />
  <Object
    Path="C:\Users\admin\Desktop\3lab_Morozov9.12.2019A_usable\Logical\Libraries\AsIOTime\AsIOTime.fun"
    LogicalPath="Libraries.AsIOTime.AsIOTime.fun"
    Type="File"
    LastWriteTime="132193386580000000"
    Private="false" />
  <Object
    Path="C:\Users\admin\Desktop\3lab_Morozov9.12.2019A_usable\Logical\Libraries\AsIOTime\AsIOTime.typ"
    LogicalPath="Libraries.AsIOTime.AsIOTime.typ"
    Type="File"
    LastWriteTime="132193386580000000"
    Private="false" />
  <Object
    Path="C:\Users\admin\Desktop\3lab_Morozov9.12.2019A_usable\Logical\Libraries\AsIOTime\AsIOTime.var"
    LogicalPath="Libraries.AsIOTime.AsIOTime.var"
    Type="File"
    LastWriteTime="132193386580000000"
    Private="false" />
  <Object
    Path="C:\Users\admin\Desktop\3lab_Morozov9.12.2019A_usable\Logical\Libraries\MotrContr\ANSIC.lby"
    LogicalPath="Libraries.MotrContr"
    Type="Library"
    LastWriteTime="132199440740000000" />
  <Object
    Path="C:\Users\admin\Desktop\3lab_Morozov9.12.2019A_usable\Logical\Libraries\MotrContr\Types.typ"
    LogicalPath="Libraries.MotrContr.Types.typ"
    Type="File"
    LastWriteTime="132199440740000000"
    Private="false" />
  <Object
    Path="C:\Users\admin\Desktop\3lab_Morozov9.12.2019A_usable\Logical\Libraries\MotrContr\Constants.var"
    LogicalPath="Libraries.MotrContr.Constants.var"
    Type="File"
    LastWriteTime="132199440740000000"
    Private="false" />
  <Object
    Path="C:\Users\admin\Desktop\3lab_Morozov9.12.2019A_usable\Logical\Libraries\MotrContr\MotrContr.fun"
    LogicalPath="Libraries.MotrContr.MotrContr.fun"
    Type="File"
    LastWriteTime="132199440740000000"
    Private="false" />
  <Object
    Path="C:\Users\admin\Desktop\3lab_Morozov9.12.2019A_usable\Logical\Libraries\MotrContr\FB_Motor.c"
    LogicalPath="Libraries.MotrContr.FB_Motor.c"
    Type="File"
    LastWriteTime="132199440740000000"
    Private="false" />
  <Object
    Path="C:\Users\admin\Desktop\3lab_Morozov9.12.2019A_usable\Logical\Libraries\MotrContr\FB_Regulator.c"
    LogicalPath="Libraries.MotrContr.FB_Regulator.c"
    Type="File"
    LastWriteTime="132199440740000000"
    Private="false" />
  <Object
    Path="C:\Users\admin\Desktop\3lab_Morozov9.12.2019A_usable\Logical\Libraries\MotrContr\FB_Integrator.c"
    LogicalPath="Libraries.MotrContr.FB_Integrator.c"
    Type="File"
    LastWriteTime="132199500140000000"
    Private="false" />
  <Object
    Path="C:\Users\admin\Desktop\3lab_Morozov9.12.2019A_usable\Logical\Libraries\MotrContr\FB_Axis.c"
    LogicalPath="Libraries.MotrContr.FB_Axis.c"
    Type="File"
    LastWriteTime="132203735040000000"
    Private="false" />
  <Object
    Path="C:\Users\admin\Desktop\3lab_Morozov9.12.2019A_usable\Logical\acp10etxen\Ett.dob"
    LogicalPath="acp10etxen"
    Type="DataObject"
    LastWriteTime="132180380880000000" />
  <Object
    Path="C:\Users\admin\Desktop\3lab_Morozov9.12.2019A_usable\Logical\acp10etxen\acp10etxen.ett"
    LogicalPath="acp10etxen.acp10etxen.ett"
    Type="File"
    LastWriteTime="132180380880000000"
    Private="false" />
  <Object
    Path="C:\Users\admin\Desktop\3lab_Morozov9.12.2019A_usable\Logical\gAxis_X\Package.pkg"
    LogicalPath="gAxis_X"
    Type="Package"
    LastWriteTime="132180392580000000" />
  <Object
    Path="C:\Users\admin\Desktop\3lab_Morozov9.12.2019A_usable\Logical\gAxis_X\gAxis01a\Apt.dob"
    LogicalPath="gAxis_X.gAxis01a"
    Type="DataObject"
    LastWriteTime="132180390960000000" />
  <Object
    Path="C:\Users\admin\Desktop\3lab_Morozov9.12.2019A_usable\Logical\gAxis_X\gAxis01a\gAxis01a.apt"
    LogicalPath="gAxis_X.gAxis01a.gAxis01a.apt"
    Type="File"
    LastWriteTime="132193384540000000"
    Private="false" />
  <Object
    Path="C:\Users\admin\Desktop\3lab_Morozov9.12.2019A_usable\Logical\gAxis_X\gAxis01i\Ax.dob"
    LogicalPath="gAxis_X.gAxis01i"
    Type="DataObject"
    LastWriteTime="132180390960000000" />
  <Object
    Path="C:\Users\admin\Desktop\3lab_Morozov9.12.2019A_usable\Logical\gAxis_X\gAxis01i\gAxis01i.ax"
    LogicalPath="gAxis_X.gAxis01i.gAxis01i.ax"
    Type="File"
    LastWriteTime="132203856220000000"
    Private="false" />
  <Object
    Path="C:\Users\admin\Desktop\3lab_Morozov9.12.2019A_usable\Logical\SDCAxisCtrlX\ANSIC.prg"
    LogicalPath="SDCAxisCtrlX"
    Type="Program"
    LastWriteTime="132180423320000000" />
  <Object
    Path="C:\Users\admin\Desktop\3lab_Morozov9.12.2019A_usable\Logical\SDCAxisCtrlX\Cyclic.c"
    LogicalPath="SDCAxisCtrlX.Cyclic.c"
    Type="File"
    LastWriteTime="132204536457646335"
    Private="false" />
  <Object
    Path="C:\Users\admin\Desktop\3lab_Morozov9.12.2019A_usable\Logical\SDCAxisCtrlX\Init.c"
    LogicalPath="SDCAxisCtrlX.Init.c"
    Type="File"
    LastWriteTime="132204567954351316"
    Private="false" />
  <Object
    Path="C:\Users\admin\Desktop\3lab_Morozov9.12.2019A_usable\Logical\SDCAxisCtrlX\Exit.c"
    LogicalPath="SDCAxisCtrlX.Exit.c"
    Type="File"
    LastWriteTime="132180423320000000"
    Private="false" />
  <Object
    Path="C:\Users\admin\Desktop\3lab_Morozov9.12.2019A_usable\Logical\SDCAxisCtrlX\Types.typ"
    LogicalPath="SDCAxisCtrlX.Types.typ"
    Type="File"
    LastWriteTime="132180423320000000"
    Private="true" />
  <Object
    Path="C:\Users\admin\Desktop\3lab_Morozov9.12.2019A_usable\Logical\SDCAxisCtrlX\Variables.var"
    LogicalPath="SDCAxisCtrlX.Variables.var"
    Type="File"
    LastWriteTime="132181312940000000"
    Private="true" />
  <Object
    Path="C:\Users\admin\Desktop\3lab_Morozov9.12.2019A_usable\Physical\SampleText\Config.pkg"
    LogicalPath="SampleText"
    Type="Configuration.ParentUnknown"
    LastWriteTime="131194339020000000" />
  <Object
    Path="C:\Users\admin\Desktop\3lab_Morozov9.12.2019A_usable\Physical\SampleText\Hardware.hw"
    LogicalPath="SampleText.Hardware.hw"
    Type="File"
    LastWriteTime="132195157360000000"
    Private="false" />
  <Object
    Path="C:\Users\admin\Desktop\3lab_Morozov9.12.2019A_usable\Physical\SampleText\Hardware.hwl"
    LogicalPath="SampleText.Hardware.hwl"
    Type="File"
    LastWriteTime="132193385080000000"
    Private="false" />
  <Object
    Path="C:\Users\admin\Desktop\3lab_Morozov9.12.2019A_usable\Physical\SampleText\4PP065_0571_P74\Cpu.pkg"
    LogicalPath="SampleText.4PP065_0571_P74"
    Type="Cpu"
    LastWriteTime="132195140860000000" />
  <Object
    Path="C:\Users\admin\Desktop\3lab_Morozov9.12.2019A_usable\Physical\SampleText\4PP065_0571_P74\Cpu.sw"
    LogicalPath="SampleText.4PP065_0571_P74.Cpu.sw"
    Type="File"
    LastWriteTime="132199471860000000"
    Private="false" />
  <Object
    Path="C:\Users\admin\Desktop\3lab_Morozov9.12.2019A_usable\Physical\SampleText\4PP065_0571_P74\Cpu.per"
    LogicalPath="SampleText.4PP065_0571_P74.Cpu.per"
    Type="File"
    LastWriteTime="131194339000000000"
    Private="false" />
  <Object
    Path="C:\Users\admin\Desktop\3lab_Morozov9.12.2019A_usable\Physical\SampleText\4PP065_0571_P74\IoMap.iom"
    LogicalPath="SampleText.4PP065_0571_P74.IoMap.iom"
    Type="File"
    LastWriteTime="132204535053393268"
    Private="false" />
  <Object
    Path="C:\Users\admin\Desktop\3lab_Morozov9.12.2019A_usable\Physical\SampleText\4PP065_0571_P74\PvMap.vvm"
    LogicalPath="SampleText.4PP065_0571_P74.PvMap.vvm"
    Type="File"
    LastWriteTime="131194339000000000"
    Private="false" />
  <Object
    Path="C:\Users\admin\Desktop\3lab_Morozov9.12.2019A_usable\Physical\SampleText\4PP065_0571_P74\mapp\Package.pkg"
    LogicalPath="SampleText.4PP065_0571_P74.mapp"
    Type="Package"
    LastWriteTime="131194339000000000" />
  <Object
    Path="C:\Users\admin\Desktop\3lab_Morozov9.12.2019A_usable\Physical\SampleText\4PP065_0571_P74\Connectivity\Package.pkg"
    LogicalPath="SampleText.4PP065_0571_P74.Connectivity"
    Type="Package"
    LastWriteTime="131194339000000000" />
  <Object
    Path="C:\Users\admin\Desktop\3lab_Morozov9.12.2019A_usable\Physical\SampleText\4PP065_0571_P74\Connectivity\OpcUA\Package.pkg"
    LogicalPath="SampleText.4PP065_0571_P74.Connectivity.OpcUA"
    Type="Package"
    LastWriteTime="131194339000000000" />
  <Object
    Path="C:\Users\admin\Desktop\3lab_Morozov9.12.2019A_usable\Physical\SampleText\4PP065_0571_P74\TextSystem\Package.pkg"
    LogicalPath="SampleText.4PP065_0571_P74.TextSystem"
    Type="Package"
    LastWriteTime="131194339000000000" />
  <Object
    Path="C:\Users\admin\Desktop\3lab_Morozov9.12.2019A_usable\Physical\SampleText\4PP065_0571_P74\AccessAndSecurity\Package.pkg"
    LogicalPath="SampleText.4PP065_0571_P74.AccessAndSecurity"
    Type="Package"
    LastWriteTime="131194339000000000" />
  <Object
    Path="C:\Users\admin\Desktop\3lab_Morozov9.12.2019A_usable\Physical\SampleText\4PP065_0571_P74\AccessAndSecurity\UserRoleSystem\Package.pkg"
    LogicalPath="SampleText.4PP065_0571_P74.AccessAndSecurity.UserRoleSystem"
    Type="Package"
    LastWriteTime="131194339000000000" />
  <Object
    Path="C:\Users\admin\Desktop\3lab_Morozov9.12.2019A_usable\Physical\SampleText\4PP065_0571_P74\AccessAndSecurity\UserRoleSystem\Role.role"
    LogicalPath="SampleText.4PP065_0571_P74.AccessAndSecurity.UserRoleSystem.Role.role"
    Type="File"
    LastWriteTime="131194339000000000"
    Private="false" />
  <Object
    Path="C:\Users\admin\Desktop\3lab_Morozov9.12.2019A_usable\Physical\SampleText\4PP065_0571_P74\AccessAndSecurity\UserRoleSystem\User.user"
    LogicalPath="SampleText.4PP065_0571_P74.AccessAndSecurity.UserRoleSystem.User.user"
    Type="File"
    LastWriteTime="131194339000000000"
    Private="false" />
  <Object
    Path="C:\Users\admin\Desktop\3lab_Morozov9.12.2019A_usable\Physical\SampleText\4PP065_0571_P74\AccessAndSecurity\CertificateStore\Package.pkg"
    LogicalPath="SampleText.4PP065_0571_P74.AccessAndSecurity.CertificateStore"
    Type="Package"
    LastWriteTime="131194339000000000" />
  <Object
    Path="C:\Users\admin\Desktop\3lab_Morozov9.12.2019A_usable\Physical\SampleText\4PP065_0571_P74\AccessAndSecurity\CertificateStore\OwnCertificates\Package.pkg"
    LogicalPath="SampleText.4PP065_0571_P74.AccessAndSecurity.CertificateStore.OwnCertificates"
    Type="Package"
    LastWriteTime="131194339000000000" />
  <Object
    Path="C:\Users\admin\Desktop\3lab_Morozov9.12.2019A_usable\Physical\SampleText\4PP065_0571_P74\AccessAndSecurity\CertificateStore\OwnCertificates\Certificates\Package.pkg"
    LogicalPath="SampleText.4PP065_0571_P74.AccessAndSecurity.CertificateStore.OwnCertificates.Certificates"
    Type="Package"
    LastWriteTime="131194339000000000" />
  <Object
    Path="C:\Users\admin\Desktop\3lab_Morozov9.12.2019A_usable\Physical\SampleText\4PP065_0571_P74\AccessAndSecurity\CertificateStore\OwnCertificates\PrivateKeys\Package.pkg"
    LogicalPath="SampleText.4PP065_0571_P74.AccessAndSecurity.CertificateStore.OwnCertificates.PrivateKeys"
    Type="Package"
    LastWriteTime="131194339000000000" />
  <Object
    Path="C:\Users\admin\Desktop\3lab_Morozov9.12.2019A_usable\Physical\SampleText\4PP065_0571_P74\AccessAndSecurity\CertificateStore\ThirdPartyCertificates\Package.pkg"
    LogicalPath="SampleText.4PP065_0571_P74.AccessAndSecurity.CertificateStore.ThirdPartyCertificates"
    Type="Package"
    LastWriteTime="131194339000000000" />
  <Object
    Path="C:\Users\admin\Desktop\3lab_Morozov9.12.2019A_usable\Physical\SampleText\4PP065_0571_P74\AccessAndSecurity\CertificateStore\ThirdPartyCertificates\SoftwareCertificates\Package.pkg"
    LogicalPath="SampleText.4PP065_0571_P74.AccessAndSecurity.CertificateStore.ThirdPartyCertificates.SoftwareCertificates"
    Type="Package"
    LastWriteTime="131194339000000000" />
  <Object
    Path="C:\Users\admin\Desktop\3lab_Morozov9.12.2019A_usable\Physical\SampleText\4PP065_0571_P74\AccessAndSecurity\CertificateStore\CertificateRevocationLists\Package.pkg"
    LogicalPath="SampleText.4PP065_0571_P74.AccessAndSecurity.CertificateStore.CertificateRevocationLists"
    Type="Package"
    LastWriteTime="131194339000000000" />
  <Object
    Path="C:\Users\admin\Desktop\3lab_Morozov9.12.2019A_usable\Physical\SampleText\4PP065_0571_P74\AccessAndSecurity\CertificateStore\CertificateSigningRequests\Package.pkg"
    LogicalPath="SampleText.4PP065_0571_P74.AccessAndSecurity.CertificateStore.CertificateSigningRequests"
    Type="Package"
    LastWriteTime="131194339000000000" />
  <Object
    Path="C:\Users\admin\Desktop\3lab_Morozov9.12.2019A_usable\Physical\SampleText\4PP065_0571_P74\AccessAndSecurity\TransportLayerSecurity\Package.pkg"
    LogicalPath="SampleText.4PP065_0571_P74.AccessAndSecurity.TransportLayerSecurity"
    Type="Package"
    LastWriteTime="131194339000000000" />
  <Object
    Path="C:\Users\admin\Desktop\3lab_Morozov9.12.2019A_usable\Physical\SampleText\4PP065_0571_P74\Motion\Package.pkg"
    LogicalPath="SampleText.4PP065_0571_P74.Motion"
    Type="Package"
    LastWriteTime="132180414360000000" />
  <Object
    Path="C:\Users\admin\Desktop\3lab_Morozov9.12.2019A_usable\Physical\SampleText\4PP065_0571_P74\Motion\Acp10map.ncm"
    LogicalPath="SampleText.4PP065_0571_P74.Motion.Acp10map.ncm"
    Type="File"
    LastWriteTime="132193385020000000"
    Private="false" />
  <Object
    Path="C:\Users\admin\Desktop\3lab_Morozov9.12.2019A_usable\Physical\SampleText\4PP065_0571_P74\Motion\Acp10cfg.ncc"
    LogicalPath="SampleText.4PP065_0571_P74.Motion.Acp10cfg.ncc"
    Type="File"
    LastWriteTime="132180380880000000"
    Private="false" />
  <Object
    Path="C:\Users\admin\Desktop\3lab_Morozov9.12.2019A_usable\Physical\SampleText\4PP065_0571_P74\Motion\Acp10sys.br"
    LogicalPath="SampleText.4PP065_0571_P74.Motion.Acp10sys.br"
    Type="File"
    LastWriteTime="132180380800000000"
    Private="false" />
  <Object
    Path="C:\Users\admin\Desktop\3lab_Morozov9.12.2019A_usable\Physical\SampleText\4PP065_0571_P74\Motion\Acp10map1.ncm"
    LogicalPath="SampleText.4PP065_0571_P74.Motion.Acp10map1.ncm"
    Type="File"
    LastWriteTime="132199466960000000"
    Private="false" />
  <Object
    Path="C:\Users\admin\Desktop\3lab_Morozov9.12.2019A_usable\Physical\SampleText\Hardware.jpg"
    LogicalPath="SampleText.Hardware.jpg"
    Type="File"
    LastWriteTime="132195131340000000"
    Private="false" />
</Objects>